
 INPUT:
 ----------------------------------------------------------------------
   mass =            1.008           2.014           2.014
   jtot =                               10
   ipar =                                1
   jpar =                                1
   jmax =                               16
   kmin =                                0
   kmax =                                5
   rmax =                           12.000
    mtr =                              200
   emax =                            2.500
   enrg =                            0.732
   dnrg =                            0.750
   nnrg =                                2
   nout =                                0
   jout =                                0
 ----------------------------------------------------------------------

 This calculation is using the LSTH H+H2 PES
 Please cite the following papers:
 1. P.Siegbahn and B.Liu,  J. Chem. Phys. 68, 2457 (1978)
 2. D.G.Truhlar and C.J.Horowitz,   ibid. 68, 2466 (1978)
 3. D.G.Truhlar and C.J.Horowitz,   ibid. 71, 1514 (1979)

 PARSET:
 ----------------------------------------------------------------------
   rmin =                             0.81
    mro =                               54
    mvi =                               69
    nvi =                               37
   smax =                             3.43
 ----------------------------------------------------------------------

 BASIS:
 ----------------------------------------------------------------------
  Channel       a       v       j       k       Energy (eV) 
 ----------------------------------------------------------------------
        1       1       0       0       0         0.19199
        2       1       0       2       0         0.21420
        3       1       0       2       1         0.21420
        4       1       0       2       2         0.21420
        5       1       0       4       0         0.26561
        6       1       0       4       1         0.26561
        7       1       0       4       2         0.26561
        8       1       0       4       3         0.26561
        9       1       0       4       4         0.26561
       10       1       0       6       0         0.34532
       11       1       0       6       1         0.34532
       12       1       0       6       2         0.34532
       13       1       0       6       3         0.34532
       14       1       0       6       4         0.34532
       15       1       0       6       5         0.34532
       16       1       0       8       0         0.45194
       17       1       0       8       1         0.45194
       18       1       0       8       2         0.45194
       19       1       0       8       3         0.45194
       20       1       0       8       4         0.45194
       21       1       0       8       5         0.45194
       22       1       0      10       0         0.58371
       23       1       0      10       1         0.58371
       24       1       0      10       2         0.58371
       25       1       0      10       3         0.58371
       26       1       0      10       4         0.58371
       27       1       0      10       5         0.58371
       28       1       0      12       0         0.73857
       29       1       0      12       1         0.73857
       30       1       0      12       2         0.73857
       31       1       0      12       3         0.73857
       32       1       0      12       4         0.73857
       33       1       0      12       5         0.73857
       34       1       0      14       0         0.91427
       35       1       0      14       1         0.91427
       36       1       0      14       2         0.91427
       37       1       0      14       3         0.91427
       38       1       0      14       4         0.91427
       39       1       0      14       5         0.91427
       40       1       0      16       0         1.10846
       41       1       0      16       1         1.10846
       42       1       0      16       2         1.10846
       43       1       0      16       3         1.10846
       44       1       0      16       4         1.10846
       45       1       0      16       5         1.10846
       46       1       1       0       0         0.56321
       47       1       1       2       0         0.58463
       48       1       1       2       1         0.58463
       49       1       1       2       2         0.58463
       50       1       1       4       0         0.63423
       51       1       1       4       1         0.63423
       52       1       1       4       2         0.63423
       53       1       1       4       3         0.63423
       54       1       1       4       4         0.63423
       55       1       1       6       0         0.71110
       56       1       1       6       1         0.71110
       57       1       1       6       2         0.71110
       58       1       1       6       3         0.71110
       59       1       1       6       4         0.71110
       60       1       1       6       5         0.71110
       61       1       1       8       0         0.81390
       62       1       1       8       1         0.81390
       63       1       1       8       2         0.81390
       64       1       1       8       3         0.81390
       65       1       1       8       4         0.81390
       66       1       1       8       5         0.81390
       67       1       1      10       0         0.94092
       68       1       1      10       1         0.94092
       69       1       1      10       2         0.94092
       70       1       1      10       3         0.94092
       71       1       1      10       4         0.94092
       72       1       1      10       5         0.94092
       73       1       1      12       0         1.09015
       74       1       1      12       1         1.09015
       75       1       1      12       2         1.09015
       76       1       1      12       3         1.09015
       77       1       1      12       4         1.09015
       78       1       1      12       5         1.09015
       79       1       1      14       0         1.25940
       80       1       1      14       1         1.25940
       81       1       1      14       2         1.25940
       82       1       1      14       3         1.25940
       83       1       1      14       4         1.25940
       84       1       1      14       5         1.25940
       85       1       1      16       0         1.44637
       86       1       1      16       1         1.44637
       87       1       1      16       2         1.44637
       88       1       1      16       3         1.44637
       89       1       1      16       4         1.44637
       90       1       1      16       5         1.44637
       91       1       2       0       0         0.91966
       92       1       2       2       0         0.94030
       93       1       2       2       1         0.94030
       94       1       2       2       2         0.94030
       95       1       2       4       0         0.98811
       96       1       2       4       1         0.98811
       97       1       2       4       2         0.98811
       98       1       2       4       3         0.98811
       99       1       2       4       4         0.98811
      100       1       2       6       0         1.06220
      101       1       2       6       1         1.06220
      102       1       2       6       2         1.06220
      103       1       2       6       3         1.06220
      104       1       2       6       4         1.06220
      105       1       2       6       5         1.06220
      106       1       2       8       0         1.16125
      107       1       2       8       1         1.16125
      108       1       2       8       2         1.16125
      109       1       2       8       3         1.16125
      110       1       2       8       4         1.16125
      111       1       2       8       5         1.16125
      112       1       2      10       0         1.28360
      113       1       2      10       1         1.28360
      114       1       2      10       2         1.28360
      115       1       2      10       3         1.28360
      116       1       2      10       4         1.28360
      117       1       2      10       5         1.28360
      118       1       2      12       0         1.42729
      119       1       2      12       1         1.42729
      120       1       2      12       2         1.42729
      121       1       2      12       3         1.42729
      122       1       2      12       4         1.42729
      123       1       2      12       5         1.42729
      124       1       2      14       0         1.59019
      125       1       2      14       1         1.59019
      126       1       2      14       2         1.59019
      127       1       2      14       3         1.59019
      128       1       2      14       4         1.59019
      129       1       2      14       5         1.59019
      130       1       2      16       0         1.77006
      131       1       2      16       1         1.77006
      132       1       2      16       2         1.77006
      133       1       2      16       3         1.77006
      134       1       2      16       4         1.77006
      135       1       2      16       5         1.77006
      136       1       3       0       0         1.26161
      137       1       3       2       0         1.28150
      138       1       3       2       1         1.28150
      139       1       3       2       2         1.28150
      140       1       3       4       0         1.32755
      141       1       3       4       1         1.32755
      142       1       3       4       2         1.32755
      143       1       3       4       3         1.32755
      144       1       3       4       4         1.32755
      145       1       3       6       0         1.39889
      146       1       3       6       1         1.39889
      147       1       3       6       2         1.39889
      148       1       3       6       3         1.39889
      149       1       3       6       4         1.39889
      150       1       3       6       5         1.39889
      151       1       3       8       0         1.49425
      152       1       3       8       1         1.49425
      153       1       3       8       2         1.49425
      154       1       3       8       3         1.49425
      155       1       3       8       4         1.49425
      156       1       3       8       5         1.49425
      157       1       3      10       0         1.61199
      158       1       3      10       1         1.61199
      159       1       3      10       2         1.61199
      160       1       3      10       3         1.61199
      161       1       3      10       4         1.61199
      162       1       3      10       5         1.61199
      163       1       3      12       0         1.75021
      164       1       3      12       1         1.75021
      165       1       3      12       2         1.75021
      166       1       3      12       3         1.75021
      167       1       3      12       4         1.75021
      168       1       3      12       5         1.75021
      169       1       3      14       0         1.90682
      170       1       3      14       1         1.90682
      171       1       3      14       2         1.90682
      172       1       3      14       3         1.90682
      173       1       3      14       4         1.90682
      174       1       3      14       5         1.90682
      175       1       3      16       0         2.07965
      176       1       3      16       1         2.07965
      177       1       3      16       2         2.07965
      178       1       3      16       3         2.07965
      179       1       3      16       4         2.07965
      180       1       3      16       5         2.07965
      181       1       4       0       0         1.58927
      182       1       4       2       0         1.60841
      183       1       4       2       1         1.60841
      184       1       4       2       2         1.60841
      185       1       4       4       0         1.65271
      186       1       4       4       1         1.65271
      187       1       4       4       2         1.65271
      188       1       4       4       3         1.65271
      189       1       4       4       4         1.65271
      190       1       4       6       0         1.72134
      191       1       4       6       1         1.72134
      192       1       4       6       2         1.72134
      193       1       4       6       3         1.72134
      194       1       4       6       4         1.72134
      195       1       4       6       5         1.72134
      196       1       4       8       0         1.81303
      197       1       4       8       1         1.81303
      198       1       4       8       2         1.81303
      199       1       4       8       3         1.81303
      200       1       4       8       4         1.81303
      201       1       4       8       5         1.81303
      202       1       4      10       0         1.92620
      203       1       4      10       1         1.92620
      204       1       4      10       2         1.92620
      205       1       4      10       3         1.92620
      206       1       4      10       4         1.92620
      207       1       4      10       5         1.92620
      208       1       4      12       0         2.05899
      209       1       4      12       1         2.05899
      210       1       4      12       2         2.05899
      211       1       4      12       3         2.05899
      212       1       4      12       4         2.05899
      213       1       4      12       5         2.05899
      214       1       4      14       0         2.20935
      215       1       4      14       1         2.20935
      216       1       4      14       2         2.20935
      217       1       4      14       3         2.20935
      218       1       4      14       4         2.20935
      219       1       4      14       5         2.20935
      220       1       4      16       0         2.37517
      221       1       4      16       1         2.37517
      222       1       4      16       2         2.37517
      223       1       4      16       3         2.37517
      224       1       4      16       4         2.37517
      225       1       4      16       5         2.37517
      226       1       5       0       0         1.90275
      227       1       5       2       0         1.92114
      228       1       5       2       1         1.92114
      229       1       5       2       2         1.92114
      230       1       5       4       0         1.96371
      231       1       5       4       1         1.96371
      232       1       5       4       2         1.96371
      233       1       5       4       3         1.96371
      234       1       5       4       4         1.96371
      235       1       5       6       0         2.02963
      236       1       5       6       1         2.02963
      237       1       5       6       2         2.02963
      238       1       5       6       3         2.02963
      239       1       5       6       4         2.02963
      240       1       5       6       5         2.02963
      241       1       5       8       0         2.11768
      242       1       5       8       1         2.11768
      243       1       5       8       2         2.11768
      244       1       5       8       3         2.11768
      245       1       5       8       4         2.11768
      246       1       5       8       5         2.11768
      247       1       5      10       0         2.22630
      248       1       5      10       1         2.22630
      249       1       5      10       2         2.22630
      250       1       5      10       3         2.22630
      251       1       5      10       4         2.22630
      252       1       5      10       5         2.22630
      253       1       5      12       0         2.35368
      254       1       5      12       1         2.35368
      255       1       5      12       2         2.35368
      256       1       5      12       3         2.35368
      257       1       5      12       4         2.35368
      258       1       5      12       5         2.35368
      259       1       5      14       0         2.49782
      260       1       5      14       1         2.49782
      261       1       5      14       2         2.49782
      262       1       5      14       3         2.49782
      263       1       5      14       4         2.49782
      264       1       5      14       5         2.49782
      265       1       6       0       0         2.20215
      266       1       6       2       0         2.21980
      267       1       6       2       1         2.21980
      268       1       6       2       2         2.21980
      269       1       6       4       0         2.26064
      270       1       6       4       1         2.26064
      271       1       6       4       2         2.26064
      272       1       6       4       3         2.26064
      273       1       6       4       4         2.26064
      274       1       6       6       0         2.32386
      275       1       6       6       1         2.32386
      276       1       6       6       2         2.32386
      277       1       6       6       3         2.32386
      278       1       6       6       4         2.32386
      279       1       6       6       5         2.32386
      280       1       6       8       0         2.40828
      281       1       6       8       1         2.40828
      282       1       6       8       2         2.40828
      283       1       6       8       3         2.40828
      284       1       6       8       4         2.40828
      285       1       6       8       5         2.40828
      286       1       7       0       0         2.48750
      287       2       0       0       0         0.23464
      288       2       0       1       0         0.24571
      289       2       0       1       1         0.24571
      290       2       0       2       0         0.26776
      291       2       0       2       1         0.26776
      292       2       0       2       2         0.26776
      293       2       0       3       0         0.30065
      294       2       0       3       1         0.30065
      295       2       0       3       2         0.30065
      296       2       0       3       3         0.30065
      297       2       0       4       0         0.34415
      298       2       0       4       1         0.34415
      299       2       0       4       2         0.34415
      300       2       0       4       3         0.34415
      301       2       0       4       4         0.34415
      302       2       0       5       0         0.39798
      303       2       0       5       1         0.39798
      304       2       0       5       2         0.39798
      305       2       0       5       3         0.39798
      306       2       0       5       4         0.39798
      307       2       0       5       5         0.39798
      308       2       0       6       0         0.46180
      309       2       0       6       1         0.46180
      310       2       0       6       2         0.46180
      311       2       0       6       3         0.46180
      312       2       0       6       4         0.46180
      313       2       0       6       5         0.46180
      314       2       0       7       0         0.53520
      315       2       0       7       1         0.53520
      316       2       0       7       2         0.53520
      317       2       0       7       3         0.53520
      318       2       0       7       4         0.53520
      319       2       0       7       5         0.53520
      320       2       0       8       0         0.61774
      321       2       0       8       1         0.61774
      322       2       0       8       2         0.61774
      323       2       0       8       3         0.61774
      324       2       0       8       4         0.61774
      325       2       0       8       5         0.61774
      326       2       0       9       0         0.70893
      327       2       0       9       1         0.70893
      328       2       0       9       2         0.70893
      329       2       0       9       3         0.70893
      330       2       0       9       4         0.70893
      331       2       0       9       5         0.70893
      332       2       0      10       0         0.80828
      333       2       0      10       1         0.80828
      334       2       0      10       2         0.80828
      335       2       0      10       3         0.80828
      336       2       0      10       4         0.80828
      337       2       0      10       5         0.80828
      338       2       0      11       0         0.91526
      339       2       0      11       1         0.91526
      340       2       0      11       2         0.91526
      341       2       0      11       3         0.91526
      342       2       0      11       4         0.91526
      343       2       0      11       5         0.91526
      344       2       0      12       0         1.02931
      345       2       0      12       1         1.02931
      346       2       0      12       2         1.02931
      347       2       0      12       3         1.02931
      348       2       0      12       4         1.02931
      349       2       0      12       5         1.02931
      350       2       0      13       0         1.14990
      351       2       0      13       1         1.14990
      352       2       0      13       2         1.14990
      353       2       0      13       3         1.14990
      354       2       0      13       4         1.14990
      355       2       0      13       5         1.14990
      356       2       0      14       0         1.27648
      357       2       0      14       1         1.27648
      358       2       0      14       2         1.27648
      359       2       0      14       3         1.27648
      360       2       0      14       4         1.27648
      361       2       0      14       5         1.27648
      362       2       0      15       0         1.40850
      363       2       0      15       1         1.40850
      364       2       0      15       2         1.40850
      365       2       0      15       3         1.40850
      366       2       0      15       4         1.40850
      367       2       0      15       5         1.40850
      368       2       0      16       0         1.54543
      369       2       0      16       1         1.54543
      370       2       0      16       2         1.54543
      371       2       0      16       3         1.54543
      372       2       0      16       4         1.54543
      373       2       0      16       5         1.54543
      374       2       1       0       0         0.68507
      375       2       1       1       0         0.69565
      376       2       1       1       1         0.69565
      377       2       1       2       0         0.71675
      378       2       1       2       1         0.71675
      379       2       1       2       2         0.71675
      380       2       1       3       0         0.74821
      381       2       1       3       1         0.74821
      382       2       1       3       2         0.74821
      383       2       1       3       3         0.74821
      384       2       1       4       0         0.78983
      385       2       1       4       1         0.78983
      386       2       1       4       2         0.78983
      387       2       1       4       3         0.78983
      388       2       1       4       4         0.78983
      389       2       1       5       0         0.84131
      390       2       1       5       1         0.84131
      391       2       1       5       2         0.84131
      392       2       1       5       3         0.84131
      393       2       1       5       4         0.84131
      394       2       1       5       5         0.84131
      395       2       1       6       0         0.90233
      396       2       1       6       1         0.90233
      397       2       1       6       2         0.90233
      398       2       1       6       3         0.90233
      399       2       1       6       4         0.90233
      400       2       1       6       5         0.90233
      401       2       1       7       0         0.97250
      402       2       1       7       1         0.97250
      403       2       1       7       2         0.97250
      404       2       1       7       3         0.97250
      405       2       1       7       4         0.97250
      406       2       1       7       5         0.97250
      407       2       1       8       0         1.05139
      408       2       1       8       1         1.05139
      409       2       1       8       2         1.05139
      410       2       1       8       3         1.05139
      411       2       1       8       4         1.05139
      412       2       1       8       5         1.05139
      413       2       1       9       0         1.13853
      414       2       1       9       1         1.13853
      415       2       1       9       2         1.13853
      416       2       1       9       3         1.13853
      417       2       1       9       4         1.13853
      418       2       1       9       5         1.13853
      419       2       1      10       0         1.23344
      420       2       1      10       1         1.23344
      421       2       1      10       2         1.23344
      422       2       1      10       3         1.23344
      423       2       1      10       4         1.23344
      424       2       1      10       5         1.23344
      425       2       1      11       0         1.33560
      426       2       1      11       1         1.33560
      427       2       1      11       2         1.33560
      428       2       1      11       3         1.33560
      429       2       1      11       4         1.33560
      430       2       1      11       5         1.33560
      431       2       1      12       0         1.44450
      432       2       1      12       1         1.44450
      433       2       1      12       2         1.44450
      434       2       1      12       3         1.44450
      435       2       1      12       4         1.44450
      436       2       1      12       5         1.44450
      437       2       1      13       0         1.55959
      438       2       1      13       1         1.55959
      439       2       1      13       2         1.55959
      440       2       1      13       3         1.55959
      441       2       1      13       4         1.55959
      442       2       1      13       5         1.55959
      443       2       1      14       0         1.68035
      444       2       1      14       1         1.68035
      445       2       1      14       2         1.68035
      446       2       1      14       3         1.68035
      447       2       1      14       4         1.68035
      448       2       1      14       5         1.68035
      449       2       1      15       0         1.80625
      450       2       1      15       1         1.80625
      451       2       1      15       2         1.80625
      452       2       1      15       3         1.80625
      453       2       1      15       4         1.80625
      454       2       1      15       5         1.80625
      455       2       1      16       0         1.93678
      456       2       1      16       1         1.93678
      457       2       1      16       2         1.93678
      458       2       1      16       3         1.93678
      459       2       1      16       4         1.93678
      460       2       1      16       5         1.93678
      461       2       2       0       0         1.11349
      462       2       2       1       0         1.12360
      463       2       2       1       1         1.12360
      464       2       2       2       0         1.14377
      465       2       2       2       1         1.14377
      466       2       2       2       2         1.14377
      467       2       2       3       0         1.17383
      468       2       2       3       1         1.17383
      469       2       2       3       2         1.17383
      470       2       2       3       3         1.17383
      471       2       2       4       0         1.21359
      472       2       2       4       1         1.21359
      473       2       2       4       2         1.21359
      474       2       2       4       3         1.21359
      475       2       2       4       4         1.21359
      476       2       2       5       0         1.26278
      477       2       2       5       1         1.26278
      478       2       2       5       2         1.26278
      479       2       2       5       3         1.26278
      480       2       2       5       4         1.26278
      481       2       2       5       5         1.26278
      482       2       2       6       0         1.32106
      483       2       2       6       1         1.32106
      484       2       2       6       2         1.32106
      485       2       2       6       3         1.32106
      486       2       2       6       4         1.32106
      487       2       2       6       5         1.32106
      488       2       2       7       0         1.38807
      489       2       2       7       1         1.38807
      490       2       2       7       2         1.38807
      491       2       2       7       3         1.38807
      492       2       2       7       4         1.38807
      493       2       2       7       5         1.38807
      494       2       2       8       0         1.46338
      495       2       2       8       1         1.46338
      496       2       2       8       2         1.46338
      497       2       2       8       3         1.46338
      498       2       2       8       4         1.46338
      499       2       2       8       5         1.46338
      500       2       2       9       0         1.54655
      501       2       2       9       1         1.54655
      502       2       2       9       2         1.54655
      503       2       2       9       3         1.54655
      504       2       2       9       4         1.54655
      505       2       2       9       5         1.54655
      506       2       2      10       0         1.63710
      507       2       2      10       1         1.63710
      508       2       2      10       2         1.63710
      509       2       2      10       3         1.63710
      510       2       2      10       4         1.63710
      511       2       2      10       5         1.63710
      512       2       2      11       0         1.73453
      513       2       2      11       1         1.73453
      514       2       2      11       2         1.73453
      515       2       2      11       3         1.73453
      516       2       2      11       4         1.73453
      517       2       2      11       5         1.73453
      518       2       2      12       0         1.83835
      519       2       2      12       1         1.83835
      520       2       2      12       2         1.83835
      521       2       2      12       3         1.83835
      522       2       2      12       4         1.83835
      523       2       2      12       5         1.83835
      524       2       2      13       0         1.94802
      525       2       2      13       1         1.94802
      526       2       2      13       2         1.94802
      527       2       2      13       3         1.94802
      528       2       2      13       4         1.94802
      529       2       2      13       5         1.94802
      530       2       2      14       0         2.06305
      531       2       2      14       1         2.06305
      532       2       2      14       2         2.06305
      533       2       2      14       3         2.06305
      534       2       2      14       4         2.06305
      535       2       2      14       5         2.06305
      536       2       2      15       0         2.18291
      537       2       2      15       1         2.18291
      538       2       2      15       2         2.18291
      539       2       2      15       3         2.18291
      540       2       2      15       4         2.18291
      541       2       2      15       5         2.18291
      542       2       2      16       0         2.30711
      543       2       2      16       1         2.30711
      544       2       2      16       2         2.30711
      545       2       2      16       3         2.30711
      546       2       2      16       4         2.30711
      547       2       2      16       5         2.30711
      548       2       3       0       0         1.52036
      549       2       3       1       0         1.53002
      550       2       3       1       1         1.53002
      551       2       3       2       0         1.54926
      552       2       3       2       1         1.54926
      553       2       3       2       2         1.54926
      554       2       3       3       0         1.57795
      555       2       3       3       1         1.57795
      556       2       3       3       2         1.57795
      557       2       3       3       3         1.57795
      558       2       3       4       0         1.61588
      559       2       3       4       1         1.61588
      560       2       3       4       2         1.61588
      561       2       3       4       3         1.61588
      562       2       3       4       4         1.61588
      563       2       3       5       0         1.66280
      564       2       3       5       1         1.66280
      565       2       3       5       2         1.66280
      566       2       3       5       3         1.66280
      567       2       3       5       4         1.66280
      568       2       3       5       5         1.66280
      569       2       3       6       0         1.71839
      570       2       3       6       1         1.71839
      571       2       3       6       2         1.71839
      572       2       3       6       3         1.71839
      573       2       3       6       4         1.71839
      574       2       3       6       5         1.71839
      575       2       3       7       0         1.78227
      576       2       3       7       1         1.78227
      577       2       3       7       2         1.78227
      578       2       3       7       3         1.78227
      579       2       3       7       4         1.78227
      580       2       3       7       5         1.78227
      581       2       3       8       0         1.85405
      582       2       3       8       1         1.85405
      583       2       3       8       2         1.85405
      584       2       3       8       3         1.85405
      585       2       3       8       4         1.85405
      586       2       3       8       5         1.85405
      587       2       3       9       0         1.93329
      588       2       3       9       1         1.93329
      589       2       3       9       2         1.93329
      590       2       3       9       3         1.93329
      591       2       3       9       4         1.93329
      592       2       3       9       5         1.93329
      593       2       3      10       0         2.01953
      594       2       3      10       1         2.01953
      595       2       3      10       2         2.01953
      596       2       3      10       3         2.01953
      597       2       3      10       4         2.01953
      598       2       3      10       5         2.01953
      599       2       3      11       0         2.11228
      600       2       3      11       1         2.11228
      601       2       3      11       2         2.11228
      602       2       3      11       3         2.11228
      603       2       3      11       4         2.11228
      604       2       3      11       5         2.11228
      605       2       3      12       0         2.21105
      606       2       3      12       1         2.21105
      607       2       3      12       2         2.21105
      608       2       3      12       3         2.21105
      609       2       3      12       4         2.21105
      610       2       3      12       5         2.21105
      611       2       3      13       0         2.31535
      612       2       3      13       1         2.31535
      613       2       3      13       2         2.31535
      614       2       3      13       3         2.31535
      615       2       3      13       4         2.31535
      616       2       3      13       5         2.31535
      617       2       3      14       0         2.42468
      618       2       3      14       1         2.42468
      619       2       3      14       2         2.42468
      620       2       3      14       3         2.42468
      621       2       3      14       4         2.42468
      622       2       3      14       5         2.42468
      623       2       4       0       0         1.90595
      624       2       4       1       0         1.91515
      625       2       4       1       1         1.91515
      626       2       4       2       0         1.93348
      627       2       4       2       1         1.93348
      628       2       4       2       2         1.93348
      629       2       4       3       0         1.96081
      630       2       4       3       1         1.96081
      631       2       4       3       2         1.96081
      632       2       4       3       3         1.96081
      633       2       4       4       0         1.99693
      634       2       4       4       1         1.99693
      635       2       4       4       2         1.99693
      636       2       4       4       3         1.99693
      637       2       4       4       4         1.99693
      638       2       4       5       0         2.04160
      639       2       4       5       1         2.04160
      640       2       4       5       2         2.04160
      641       2       4       5       3         2.04160
      642       2       4       5       4         2.04160
      643       2       4       5       5         2.04160
      644       2       4       6       0         2.09450
      645       2       4       6       1         2.09450
      646       2       4       6       2         2.09450
      647       2       4       6       3         2.09450
      648       2       4       6       4         2.09450
      649       2       4       6       5         2.09450
      650       2       4       7       0         2.15528
      651       2       4       7       1         2.15528
      652       2       4       7       2         2.15528
      653       2       4       7       3         2.15528
      654       2       4       7       4         2.15528
      655       2       4       7       5         2.15528
      656       2       4       8       0         2.22355
      657       2       4       8       1         2.22355
      658       2       4       8       2         2.22355
      659       2       4       8       3         2.22355
      660       2       4       8       4         2.22355
      661       2       4       8       5         2.22355
      662       2       4       9       0         2.29888
      663       2       4       9       1         2.29888
      664       2       4       9       2         2.29888
      665       2       4       9       3         2.29888
      666       2       4       9       4         2.29888
      667       2       4       9       5         2.29888
      668       2       4      10       0         2.38083
      669       2       4      10       1         2.38083
      670       2       4      10       2         2.38083
      671       2       4      10       3         2.38083
      672       2       4      10       4         2.38083
      673       2       4      10       5         2.38083
      674       2       4      11       0         2.46892
      675       2       4      11       1         2.46892
      676       2       4      11       2         2.46892
      677       2       4      11       3         2.46892
      678       2       4      11       4         2.46892
      679       2       4      11       5         2.46892
      680       2       5       0       0         2.27041
      681       2       5       1       0         2.27915
      682       2       5       1       1         2.27915
      683       2       5       2       0         2.29657
      684       2       5       2       1         2.29657
      685       2       5       2       2         2.29657
      686       2       5       3       0         2.32254
      687       2       5       3       1         2.32254
      688       2       5       3       2         2.32254
      689       2       5       3       3         2.32254
      690       2       5       4       0         2.35686
      691       2       5       4       1         2.35686
      692       2       5       4       2         2.35686
      693       2       5       4       3         2.35686
      694       2       5       4       4         2.35686
      695       2       5       5       0         2.39929
      696       2       5       5       1         2.39929
      697       2       5       5       2         2.39929
      698       2       5       5       3         2.39929
      699       2       5       5       4         2.39929
      700       2       5       5       5         2.39929
      701       2       5       6       0         2.44952
      702       2       5       6       1         2.44952
      703       2       5       6       2         2.44952
      704       2       5       6       3         2.44952
      705       2       5       6       4         2.44952
      706       2       5       6       5         2.44952
 ----------------------------------------------------------------------

 SETREC:
 ----------------------------------------------------------------------
 *** This run is using   11.962  Mb of scratch disk space
 ----------------------------------------------------------------------

 COUPLE:   rho =    0.841   heps =    0.001  seps =  1.4E-07
 SECTOR:  e(1) =   31.557  e(np) =   89.504    np =      682

 COUPLE:   rho =    0.897   heps =    0.001  seps =  1.2E-07
 SECTOR:  e(1) =   28.031  e(np) =   81.922    np =      682

 COUPLE:   rho =    0.953   heps =    0.001  seps =  1.9E-07
 SECTOR:  e(1) =   24.932  e(np) =   75.323    np =      682

 COUPLE:   rho =    1.009   heps =    0.001  seps =  8.4E-08
 SECTOR:  e(1) =   22.206  e(np) =   69.716    np =      682

 COUPLE:   rho =    1.064   heps =    0.001  seps =  8.6E-09
 SECTOR:  e(1) =   19.811  e(np) =   64.947    np =      682

 COUPLE:   rho =    1.120   heps =    0.001  seps =  1.3E-08
 SECTOR:  e(1) =   17.706  e(np) =   60.872    np =      681

 COUPLE:   rho =    1.176   heps =    0.001  seps =  4.3E-09
 SECTOR:  e(1) =   15.856  e(np) =   57.371    np =      681

 COUPLE:   rho =    1.232   heps =    0.001  seps =  3.5E-09
 SECTOR:  e(1) =   14.229  e(np) =   54.349    np =      680

 COUPLE:   rho =    1.288   heps =    0.001  seps =  2.8E-09
 SECTOR:  e(1) =   12.785  e(np) =   51.728    np =      677

 COUPLE:   rho =    1.344   heps =    0.001  seps =  5.5E-09
 SECTOR:  e(1) =   11.452  e(np) =   49.444    np =      677

 COUPLE:   rho =    1.400   heps =    0.001  seps =  3.2E-09
 SECTOR:  e(1) =   10.198  e(np) =   47.445    np =      675

 COUPLE:   rho =    1.456   heps =    0.001  seps =  3.3E-09
 SECTOR:  e(1) =    9.073  e(np) =   45.685    np =      673

 COUPLE:   rho =    1.512   heps =    0.001  seps =  4.4E-09
 SECTOR:  e(1) =    8.084  e(np) =   44.138    np =      672

 COUPLE:   rho =    1.568   heps =    0.001  seps =  3.0E-09
 SECTOR:  e(1) =    7.217  e(np) =   42.766    np =      670

 COUPLE:   rho =    1.624   heps =    0.001  seps =  3.9E-09
 SECTOR:  e(1) =    6.457  e(np) =   41.552    np =      667

 COUPLE:   rho =    1.680   heps =    0.001  seps =  2.6E-09
 SECTOR:  e(1) =    5.790  e(np) =   40.481    np =      663

 COUPLE:   rho =    1.736   heps =    0.001  seps =  3.6E-09
 SECTOR:  e(1) =    5.205  e(np) =   39.522    np =      661

 COUPLE:   rho =    1.792   heps =    0.001  seps =  2.3E-09
 SECTOR:  e(1) =    4.690  e(np) =   38.669    np =      657

 COUPLE:   rho =    1.848   heps =    0.001  seps =  2.2E-09
 SECTOR:  e(1) =    4.236  e(np) =   37.888    np =      655

 COUPLE:   rho =    1.904   heps =    0.001  seps =  1.7E-09
 SECTOR:  e(1) =    3.836  e(np) =   37.204    np =      653

 COUPLE:   rho =    1.959   heps =    0.001  seps =  1.1E-09
 SECTOR:  e(1) =    3.481  e(np) =   36.601    np =      650

 COUPLE:   rho =    2.015   heps =    0.001  seps =  1.8E-09
 SECTOR:  e(1) =    3.166  e(np) =   36.022    np =      646

 COUPLE:   rho =    2.071   heps =    0.001  seps =  3.0E-09
 SECTOR:  e(1) =    2.885  e(np) =   35.402    np =      644

 COUPLE:   rho =    2.127   heps =    0.001  seps =  3.8E-09
 SECTOR:  e(1) =    2.632  e(np) =   34.760    np =      642

 COUPLE:   rho =    2.183   heps =    0.001  seps =  4.1E-09
 SECTOR:  e(1) =    2.405  e(np) =   34.099    np =      642

 COUPLE:   rho =    2.239   heps =    0.001  seps =  6.3E-09
 SECTOR:  e(1) =    2.198  e(np) =   33.488    np =      641

 COUPLE:   rho =    2.295   heps =    0.001  seps =  1.7E-08
 SECTOR:  e(1) =    2.007  e(np) =   32.945    np =      643

 COUPLE:   rho =    2.351   heps =    0.001  seps =  4.2E-08
 SECTOR:  e(1) =    1.829  e(np) =   32.552    np =      645

 COUPLE:   rho =    2.407   heps =    0.001  seps =  6.7E-08
 SECTOR:  e(1) =    1.663  e(np) =   31.623    np =      646

 COUPLE:   rho =    2.463   heps =    0.001  seps =  9.6E-08
 SECTOR:  e(1) =    1.508  e(np) =   30.764    np =      650

 COUPLE:   rho =    2.519   heps =    0.000  seps =  1.2E-07
 SECTOR:  e(1) =    1.366  e(np) =   29.910    np =      652

 COUPLE:   rho =    2.575   heps =    0.001  seps =  1.7E-07
 SECTOR:  e(1) =    1.237  e(np) =   29.228    np =      653

 COUPLE:   rho =    2.631   heps =    0.000  seps =  4.7E-07
 SECTOR:  e(1) =    1.121  e(np) =   28.225    np =      655

 COUPLE:   rho =    2.687   heps =    0.000  seps =  7.6E-07
 SECTOR:  e(1) =    1.019  e(np) =   26.280    np =      657

 COUPLE:   rho =    2.743   heps =    0.000  seps =  8.9E-07
 SECTOR:  e(1) =    0.929  e(np) =   24.417    np =      658

 COUPLE:   rho =    2.798   heps =    0.000  seps =  9.4E-07
 SECTOR:  e(1) =    0.853  e(np) =   24.006    np =      662

 COUPLE:   rho =    2.854   heps =    0.000  seps =  8.7E-07
 SECTOR:  e(1) =    0.788  e(np) =   22.381    np =      666

 COUPLE:   rho =    2.910   heps =    0.000  seps =  1.3E-06
 SECTOR:  e(1) =    0.734  e(np) =   20.809    np =      669

 COUPLE:   rho =    2.966   heps =    0.000  seps =  1.6E-06
 SECTOR:  e(1) =    0.690  e(np) =   19.539    np =      672

 COUPLE:   rho =    3.022   heps =    0.000  seps =  1.6E-06
 SECTOR:  e(1) =    0.655  e(np) =   17.885    np =      674

 COUPLE:   rho =    3.078   heps =    0.000  seps =  1.9E-06
 SECTOR:  e(1) =    0.627  e(np) =   15.167    np =      676

 COUPLE:   rho =    3.134   heps =    0.000  seps =  2.7E-06
 SECTOR:  e(1) =    0.605  e(np) =   12.276    np =      678

 COUPLE:   rho =    3.190   heps =    0.000  seps =  4.7E-06
 SECTOR:  e(1) =    0.586  e(np) =   10.692    np =      681

 COUPLE:   rho =    3.246   heps =    0.000  seps =  7.2E-06
 SECTOR:  e(1) =    0.568  e(np) =    9.642    np =      684

 COUPLE:   rho =    3.302   heps =    0.000  seps =  9.3E-06
 SECTOR:  e(1) =    0.550  e(np) =    8.537    np =      686

 COUPLE:   rho =    3.358   heps =    0.000  seps =  1.1E-05
 SECTOR:  e(1) =    0.531  e(np) =    7.145    np =      688

 COUPLE:   rho =    3.414   heps =    0.000  seps =  1.2E-05
 SECTOR:  e(1) =    0.511  e(np) =    5.814    np =      692

 COUPLE:   rho =    3.470   heps =    0.000  seps =  1.1E-06
 SECTOR:  e(1) =    0.492  e(np) =    5.223    np =      694

 COUPLE:   rho =    3.526   heps =    0.000  seps =  8.7E-07
 SECTOR:  e(1) =    0.473  e(np) =    4.974    np =      696

 COUPLE:   rho =    3.582   heps =    0.000  seps =  1.0E-06
 SECTOR:  e(1) =    0.455  e(np) =    4.841    np =      698

 COUPLE:   rho =    3.638   heps =    0.000  seps =  5.6E-07
 SECTOR:  e(1) =    0.438  e(np) =    4.781    np =      701

 COUPLE:   rho =    3.693   heps =    0.000  seps =  3.3E-07
 SECTOR:  e(1) =    0.421  e(np) =    4.458    np =      702

 COUPLE:   rho =    3.749   heps =    0.000  seps =  2.0E-07
 SECTOR:  e(1) =    0.405  e(np) =    3.711    np =      702

 COUPLE:   rho =    3.805   heps =    0.000  seps =  1.1E-07
 SECTOR:  e(1) =    0.391  e(np) =    3.250    np =      702

 COUPLE:   rho =    3.861   heps =    0.000  seps =  1.3E-07
 SECTOR:  e(1) =    0.377  e(np) =    3.141    np =      702

 COUPLE:   rho =    3.917   heps =    0.000  seps =  1.5E-07
 SECTOR:  e(1) =    0.364  e(np) =    3.066    np =      704

 COUPLE:   rho =    3.973   heps =    0.000  seps =  1.5E-07
 SECTOR:  e(1) =    0.352  e(np) =    3.127    np =      705

 COUPLE:   rho =    4.029   heps =    0.000  seps =  1.4E-07
 SECTOR:  e(1) =    0.340  e(np) =    3.061    np =      705

 COUPLE:   rho =    4.085   heps =    0.000  seps =  2.0E-07
 SECTOR:  e(1) =    0.330  e(np) =    3.000    np =      705

 COUPLE:   rho =    4.141   heps =    0.000  seps =  2.8E-07
 SECTOR:  e(1) =    0.320  e(np) =    3.035    np =      706

 COUPLE:   rho =    4.197   heps =    0.000  seps =  9.5E-08
 SECTOR:  e(1) =    0.310  e(np) =    2.969    np =      706

 COUPLE:   rho =    4.253   heps =    0.000  seps =  1.6E-07
 SECTOR:  e(1) =    0.301  e(np) =    2.907    np =      706

 COUPLE:   rho =    4.309   heps =    0.000  seps =  1.4E-07
 SECTOR:  e(1) =    0.293  e(np) =    2.850    np =      706

 COUPLE:   rho =    4.365   heps =    0.000  seps =  1.1E-07
 SECTOR:  e(1) =    0.286  e(np) =    2.798    np =      706

 COUPLE:   rho =    4.421   heps =    0.000  seps =  8.9E-08
 SECTOR:  e(1) =    0.279  e(np) =    2.761    np =      706

 COUPLE:   rho =    4.477   heps =    0.000  seps =  1.2E-07
 SECTOR:  e(1) =    0.272  e(np) =    2.745    np =      706

 COUPLE:   rho =    4.533   heps =    0.000  seps =  8.1E-08
 SECTOR:  e(1) =    0.267  e(np) =    2.731    np =      706

 COUPLE:   rho =    4.588   heps =    0.000  seps =  5.2E-08
 SECTOR:  e(1) =    0.261  e(np) =    2.719    np =      706

 COUPLE:   rho =    4.644   heps =    0.000  seps =  1.2E-07
 SECTOR:  e(1) =    0.257  e(np) =    2.707    np =      706

 COUPLE:   rho =    4.700   heps =    0.000  seps =  6.7E-08
 SECTOR:  e(1) =    0.252  e(np) =    2.695    np =      706

 COUPLE:   rho =    4.756   heps =    0.000  seps =  6.2E-08
 SECTOR:  e(1) =    0.248  e(np) =    2.685    np =      706

 COUPLE:   rho =    4.812   heps =    0.000  seps =  7.7E-08
 SECTOR:  e(1) =    0.244  e(np) =    2.675    np =      706

 COUPLE:   rho =    4.868   heps =    0.000  seps =  5.0E-08
 SECTOR:  e(1) =    0.241  e(np) =    2.665    np =      706

 COUPLE:   rho =    4.924   heps =    0.000  seps =  5.2E-08
 SECTOR:  e(1) =    0.238  e(np) =    2.658    np =      706

 COUPLE:   rho =    4.980   heps =    0.000  seps =  9.8E-08
 SECTOR:  e(1) =    0.235  e(np) =    2.653    np =      706

 COUPLE:   rho =    5.036   heps =    0.000  seps =  7.6E-08
 SECTOR:  e(1) =    0.233  e(np) =    2.647    np =      706

 COUPLE:   rho =    5.092   heps =    0.000  seps =  5.8E-08
 SECTOR:  e(1) =    0.231  e(np) =    2.642    np =      706

 COUPLE:   rho =    5.148   heps =    0.000  seps =  5.3E-08
 SECTOR:  e(1) =    0.229  e(np) =    2.637    np =      706

 COUPLE:   rho =    5.204   heps =    0.000  seps =  3.4E-08
 SECTOR:  e(1) =    0.227  e(np) =    2.632    np =      706

 COUPLE:   rho =    5.260   heps =    0.000  seps =  2.5E-08
 SECTOR:  e(1) =    0.225  e(np) =    2.627    np =      706

 COUPLE:   rho =    5.316   heps =    0.000  seps =  1.6E-08
 SECTOR:  e(1) =    0.223  e(np) =    2.623    np =      706

 COUPLE:   rho =    5.372   heps =    0.000  seps =  1.1E-08
 SECTOR:  e(1) =    0.222  e(np) =    2.619    np =      706

 COUPLE:   rho =    5.427   heps =    0.000  seps =  1.0E-08
 SECTOR:  e(1) =    0.221  e(np) =    2.615    np =      706

 COUPLE:   rho =    5.483   heps =    0.000  seps =  9.5E-09
 SECTOR:  e(1) =    0.220  e(np) =    2.611    np =      706

 COUPLE:   rho =    5.539   heps =    0.000  seps =  8.5E-09
 SECTOR:  e(1) =    0.218  e(np) =    2.608    np =      706

 COUPLE:   rho =    5.595   heps =    0.000  seps =  1.1E-08
 SECTOR:  e(1) =    0.217  e(np) =    2.604    np =      706

 COUPLE:   rho =    5.651   heps =    0.000  seps =  8.9E-09
 SECTOR:  e(1) =    0.217  e(np) =    2.601    np =      706

 COUPLE:   rho =    5.707   heps =    0.000  seps =  8.6E-09
 SECTOR:  e(1) =    0.216  e(np) =    2.598    np =      706

 COUPLE:   rho =    5.763   heps =    0.000  seps =  1.1E-08
 SECTOR:  e(1) =    0.215  e(np) =    2.595    np =      706

 COUPLE:   rho =    5.819   heps =    0.000  seps =  1.1E-08
 SECTOR:  e(1) =    0.214  e(np) =    2.592    np =      706

 COUPLE:   rho =    5.875   heps =    0.000  seps =  9.3E-09
 SECTOR:  e(1) =    0.213  e(np) =    2.589    np =      706

 COUPLE:   rho =    5.931   heps =    0.000  seps =  7.0E-09
 SECTOR:  e(1) =    0.213  e(np) =    2.587    np =      706

 COUPLE:   rho =    5.987   heps =    0.000  seps =  7.4E-09
 SECTOR:  e(1) =    0.212  e(np) =    2.584    np =      706

 COUPLE:   rho =    6.043   heps =    0.000  seps =  8.2E-09
 SECTOR:  e(1) =    0.212  e(np) =    2.582    np =      706

 COUPLE:   rho =    6.099   heps =    0.000  seps =  9.6E-09
 SECTOR:  e(1) =    0.211  e(np) =    2.580    np =      706

 COUPLE:   rho =    6.155   heps =    0.000  seps =  9.1E-09
 SECTOR:  e(1) =    0.211  e(np) =    2.578    np =      706

 COUPLE:   rho =    6.211   heps =    0.000  seps =  7.6E-09
 SECTOR:  e(1) =    0.210  e(np) =    2.576    np =      706

 COUPLE:   rho =    6.267   heps =    0.000  seps =  6.8E-09
 SECTOR:  e(1) =    0.210  e(np) =    2.574    np =      706

 COUPLE:   rho =    6.322   heps =    0.000  seps =  7.1E-09
 SECTOR:  e(1) =    0.209  e(np) =    2.572    np =      706

 COUPLE:   rho =    6.378   heps =    0.000  seps =  7.4E-09
 SECTOR:  e(1) =    0.209  e(np) =    2.570    np =      706

 COUPLE:   rho =    6.434   heps =    0.000  seps =  7.0E-09
 SECTOR:  e(1) =    0.209  e(np) =    2.569    np =      706

 COUPLE:   rho =    6.490   heps =    0.000  seps =  7.4E-09
 SECTOR:  e(1) =    0.208  e(np) =    2.567    np =      706

 COUPLE:   rho =    6.546   heps =    0.000  seps =  9.5E-09
 SECTOR:  e(1) =    0.208  e(np) =    2.565    np =      706

 COUPLE:   rho =    6.602   heps =    0.000  seps =  9.4E-09
 SECTOR:  e(1) =    0.208  e(np) =    2.564    np =      706

 COUPLE:   rho =    6.658   heps =    0.000  seps =  7.6E-09
 SECTOR:  e(1) =    0.207  e(np) =    2.562    np =      706

 COUPLE:   rho =    6.714   heps =    0.000  seps =  6.0E-09
 SECTOR:  e(1) =    0.207  e(np) =    2.561    np =      706

 COUPLE:   rho =    6.770   heps =    0.000  seps =  5.0E-09
 SECTOR:  e(1) =    0.207  e(np) =    2.560    np =      706

 COUPLE:   rho =    6.826   heps =    0.000  seps =  4.1E-09
 SECTOR:  e(1) =    0.207  e(np) =    2.558    np =      706

 COUPLE:   rho =    6.882   heps =    0.000  seps =  3.2E-09
 SECTOR:  e(1) =    0.206  e(np) =    2.557    np =      706

 COUPLE:   rho =    6.938   heps =    0.000  seps =  2.4E-09
 SECTOR:  e(1) =    0.206  e(np) =    2.556    np =      706

 COUPLE:   rho =    6.994   heps =    0.000  seps =  1.7E-09
 SECTOR:  e(1) =    0.206  e(np) =    2.555    np =      706

 COUPLE:   rho =    7.050   heps =    0.000  seps =  1.2E-09
 SECTOR:  e(1) =    0.206  e(np) =    2.554    np =      706

 COUPLE:   rho =    7.106   heps =    0.000  seps =  7.8E-10
 SECTOR:  e(1) =    0.205  e(np) =    2.553    np =      706

 COUPLE:   rho =    7.162   heps =    0.000  seps =  5.0E-10
 SECTOR:  e(1) =    0.205  e(np) =    2.551    np =      706

 COUPLE:   rho =    7.217   heps =    0.000  seps =  3.2E-10
 SECTOR:  e(1) =    0.205  e(np) =    2.550    np =      706

 COUPLE:   rho =    7.273   heps =    0.000  seps =  1.9E-10
 SECTOR:  e(1) =    0.205  e(np) =    2.549    np =      706

 COUPLE:   rho =    7.329   heps =    0.000  seps =  1.1E-10
 SECTOR:  e(1) =    0.205  e(np) =    2.549    np =      706

 COUPLE:   rho =    7.385   heps =    0.000  seps =  6.0E-11
 SECTOR:  e(1) =    0.204  e(np) =    2.548    np =      706

 COUPLE:   rho =    7.441   heps =    0.000  seps =  3.2E-11
 SECTOR:  e(1) =    0.204  e(np) =    2.547    np =      706

 COUPLE:   rho =    7.497   heps =    0.000  seps =  1.7E-11
 SECTOR:  e(1) =    0.204  e(np) =    2.546    np =      706

 COUPLE:   rho =    7.553   heps =    0.000  seps =  8.8E-12
 SECTOR:  e(1) =    0.204  e(np) =    2.545    np =      706

 COUPLE:   rho =    7.609   heps =    0.000  seps =  4.4E-12
 SECTOR:  e(1) =    0.204  e(np) =    2.544    np =      706

 COUPLE:   rho =    7.665   heps =    0.000  seps =  2.1E-12
 SECTOR:  e(1) =    0.204  e(np) =    2.543    np =      706

 COUPLE:   rho =    7.721   heps =    0.000  seps =  1.0E-12
 SECTOR:  e(1) =    0.203  e(np) =    2.543    np =      706

 COUPLE:   rho =    7.777   heps =    0.000  seps =  4.8E-13
 SECTOR:  e(1) =    0.203  e(np) =    2.542    np =      706

 COUPLE:   rho =    7.833   heps =    0.000  seps =  2.3E-13
 SECTOR:  e(1) =    0.203  e(np) =    2.541    np =      706

 COUPLE:   rho =    7.889   heps =    0.000  seps =  1.0E-13
 SECTOR:  e(1) =    0.203  e(np) =    2.540    np =      706

 COUPLE:   rho =    7.945   heps =    0.000  seps =  4.7E-14
 SECTOR:  e(1) =    0.203  e(np) =    2.540    np =      706

 COUPLE:   rho =    8.001   heps =    0.000  seps =  2.2E-14
 SECTOR:  e(1) =    0.203  e(np) =    2.539    np =      706

 COUPLE:   rho =    8.056   heps =    0.000  seps =  9.7E-15
 SECTOR:  e(1) =    0.202  e(np) =    2.538    np =      706

 COUPLE:   rho =    8.112   heps =    0.000  seps =  4.1E-15
 SECTOR:  e(1) =    0.202  e(np) =    2.538    np =      706

 COUPLE:   rho =    8.168   heps =    0.000  seps =  1.9E-15
 SECTOR:  e(1) =    0.202  e(np) =    2.537    np =      706

 COUPLE:   rho =    8.224   heps =    0.000  seps =  1.0E-15
 SECTOR:  e(1) =    0.202  e(np) =    2.536    np =      706

 COUPLE:   rho =    8.280   heps =    0.000  seps =  2.7E-16
 SECTOR:  e(1) =    0.202  e(np) =    2.536    np =      706

 COUPLE:   rho =    8.336   heps =    0.000  seps =  3.6E-17
 SECTOR:  e(1) =    0.202  e(np) =    2.535    np =      706

 COUPLE:   rho =    8.392   heps =    0.000  seps =  0.0E+00
 SECTOR:  e(1) =    0.202  e(np) =    2.535    np =      706

 COUPLE:   rho =    8.448   heps =    0.000  seps =  0.0E+00
 SECTOR:  e(1) =    0.202  e(np) =    2.534    np =      706

 COUPLE:   rho =    8.504   heps =    0.000  seps =  0.0E+00
 SECTOR:  e(1) =    0.201  e(np) =    2.534    np =      706

 COUPLE:   rho =    8.560   heps =    0.000  seps =  0.0E+00
 SECTOR:  e(1) =    0.201  e(np) =    2.533    np =      706

 COUPLE:   rho =    8.616   heps =    0.000  seps =  0.0E+00
 SECTOR:  e(1) =    0.201  e(np) =    2.533    np =      706

 COUPLE:   rho =    8.672   heps =    0.000  seps =  0.0E+00
 SECTOR:  e(1) =    0.201  e(np) =    2.532    np =      706

 COUPLE:   rho =    8.728   heps =    0.000  seps =  0.0E+00
 SECTOR:  e(1) =    0.201  e(np) =    2.532    np =      706

 COUPLE:   rho =    8.784   heps =    0.000  seps =  0.0E+00
 SECTOR:  e(1) =    0.201  e(np) =    2.531    np =      706

 COUPLE:   rho =    8.840   heps =    0.000  seps =  0.0E+00
 SECTOR:  e(1) =    0.201  e(np) =    2.531    np =      706

 COUPLE:   rho =    8.896   heps =    0.000  seps =  0.0E+00
 SECTOR:  e(1) =    0.201  e(np) =    2.530    np =      706

 COUPLE:   rho =    8.951   heps =    0.000  seps =  0.0E+00
 SECTOR:  e(1) =    0.201  e(np) =    2.530    np =      706

 COUPLE:   rho =    9.007   heps =    0.000  seps =  0.0E+00
 SECTOR:  e(1) =    0.200  e(np) =    2.529    np =      706

 COUPLE:   rho =    9.063   heps =    0.000  seps =  0.0E+00
 SECTOR:  e(1) =    0.200  e(np) =    2.529    np =      706

 COUPLE:   rho =    9.119   heps =    0.000  seps =  0.0E+00
 SECTOR:  e(1) =    0.200  e(np) =    2.528    np =      706

 COUPLE:   rho =    9.175   heps =    0.000  seps =  0.0E+00
 SECTOR:  e(1) =    0.200  e(np) =    2.528    np =      706

 COUPLE:   rho =    9.231   heps =    0.000  seps =  0.0E+00
 SECTOR:  e(1) =    0.200  e(np) =    2.528    np =      706

 COUPLE:   rho =    9.287   heps =    0.000  seps =  0.0E+00
 SECTOR:  e(1) =    0.200  e(np) =    2.527    np =      706

 COUPLE:   rho =    9.343   heps =    0.000  seps =  0.0E+00
 SECTOR:  e(1) =    0.200  e(np) =    2.527    np =      706

 COUPLE:   rho =    9.399   heps =    0.000  seps =  0.0E+00
 SECTOR:  e(1) =    0.200  e(np) =    2.527    np =      706

 COUPLE:   rho =    9.455   heps =    0.000  seps =  0.0E+00
 SECTOR:  e(1) =    0.200  e(np) =    2.526    np =      706

 COUPLE:   rho =    9.511   heps =    0.000  seps =  0.0E+00
 SECTOR:  e(1) =    0.200  e(np) =    2.526    np =      706

 COUPLE:   rho =    9.567   heps =    0.000  seps =  0.0E+00
 SECTOR:  e(1) =    0.200  e(np) =    2.525    np =      706

 COUPLE:   rho =    9.623   heps =    0.000  seps =  0.0E+00
 SECTOR:  e(1) =    0.200  e(np) =    2.525    np =      706

 COUPLE:   rho =    9.679   heps =    0.000  seps =  0.0E+00
 SECTOR:  e(1) =    0.199  e(np) =    2.525    np =      706

 COUPLE:   rho =    9.735   heps =    0.000  seps =  0.0E+00
 SECTOR:  e(1) =    0.199  e(np) =    2.524    np =      706

 COUPLE:   rho =    9.791   heps =    0.000  seps =  0.0E+00
 SECTOR:  e(1) =    0.199  e(np) =    2.524    np =      706

 COUPLE:   rho =    9.846   heps =    0.000  seps =  0.0E+00
 SECTOR:  e(1) =    0.199  e(np) =    2.524    np =      706

 COUPLE:   rho =    9.902   heps =    0.000  seps =  0.0E+00
 SECTOR:  e(1) =    0.199  e(np) =    2.523    np =      706

 COUPLE:   rho =    9.958   heps =    0.000  seps =  0.0E+00
 SECTOR:  e(1) =    0.199  e(np) =    2.523    np =      706

 COUPLE:   rho =   10.014   heps =    0.000  seps =  0.0E+00
 SECTOR:  e(1) =    0.199  e(np) =    2.523    np =      706

 COUPLE:   rho =   10.070   heps =    0.000  seps =  0.0E+00
 SECTOR:  e(1) =    0.199  e(np) =    2.523    np =      706

 COUPLE:   rho =   10.126   heps =    0.000  seps =  0.0E+00
 SECTOR:  e(1) =    0.199  e(np) =    2.522    np =      706

 COUPLE:   rho =   10.182   heps =    0.000  seps =  0.0E+00
 SECTOR:  e(1) =    0.199  e(np) =    2.522    np =      706

 COUPLE:   rho =   10.238   heps =    0.000  seps =  0.0E+00
 SECTOR:  e(1) =    0.199  e(np) =    2.522    np =      706

 COUPLE:   rho =   10.294   heps =    0.000  seps =  0.0E+00
 SECTOR:  e(1) =    0.199  e(np) =    2.521    np =      706

 COUPLE:   rho =   10.350   heps =    0.000  seps =  0.0E+00
 SECTOR:  e(1) =    0.199  e(np) =    2.521    np =      706

 COUPLE:   rho =   10.406   heps =    0.000  seps =  0.0E+00
 SECTOR:  e(1) =    0.198  e(np) =    2.521    np =      706

 COUPLE:   rho =   10.462   heps =    0.000  seps =  0.0E+00
 SECTOR:  e(1) =    0.198  e(np) =    2.521    np =      706

 COUPLE:   rho =   10.518   heps =    0.000  seps =  0.0E+00
 SECTOR:  e(1) =    0.198  e(np) =    2.520    np =      706

 COUPLE:   rho =   10.574   heps =    0.000  seps =  0.0E+00
 SECTOR:  e(1) =    0.198  e(np) =    2.520    np =      706

 COUPLE:   rho =   10.630   heps =    0.000  seps =  0.0E+00
 SECTOR:  e(1) =    0.198  e(np) =    2.520    np =      706

 COUPLE:   rho =   10.685   heps =    0.000  seps =  0.0E+00
 SECTOR:  e(1) =    0.198  e(np) =    2.520    np =      706

 COUPLE:   rho =   10.741   heps =    0.000  seps =  0.0E+00
 SECTOR:  e(1) =    0.198  e(np) =    2.519    np =      706

 COUPLE:   rho =   10.797   heps =    0.000  seps =  0.0E+00
 SECTOR:  e(1) =    0.198  e(np) =    2.519    np =      706

 COUPLE:   rho =   10.853   heps =    0.000  seps =  0.0E+00
 SECTOR:  e(1) =    0.198  e(np) =    2.519    np =      706

 COUPLE:   rho =   10.909   heps =    0.000  seps =  0.0E+00
 SECTOR:  e(1) =    0.198  e(np) =    2.519    np =      706

 COUPLE:   rho =   10.965   heps =    0.000  seps =  0.0E+00
 SECTOR:  e(1) =    0.198  e(np) =    2.518    np =      706

 COUPLE:   rho =   11.021   heps =    0.000  seps =  0.0E+00
 SECTOR:  e(1) =    0.198  e(np) =    2.518    np =      706

 COUPLE:   rho =   11.077   heps =    0.000  seps =  0.0E+00
 SECTOR:  e(1) =    0.198  e(np) =    2.518    np =      706

 COUPLE:   rho =   11.133   heps =    0.000  seps =  0.0E+00
 SECTOR:  e(1) =    0.198  e(np) =    2.518    np =      706

 COUPLE:   rho =   11.189   heps =    0.000  seps =  0.0E+00
 SECTOR:  e(1) =    0.198  e(np) =    2.518    np =      706

 COUPLE:   rho =   11.245   heps =    0.000  seps =  0.0E+00
 SECTOR:  e(1) =    0.198  e(np) =    2.517    np =      706

 COUPLE:   rho =   11.301   heps =    0.000  seps =  0.0E+00
 SECTOR:  e(1) =    0.198  e(np) =    2.517    np =      706

 COUPLE:   rho =   11.357   heps =    0.000  seps =  0.0E+00
 SECTOR:  e(1) =    0.197  e(np) =    2.517    np =      706

 COUPLE:   rho =   11.413   heps =    0.000  seps =  0.0E+00
 SECTOR:  e(1) =    0.197  e(np) =    2.517    np =      706

 COUPLE:   rho =   11.469   heps =    0.000  seps =  0.0E+00
 SECTOR:  e(1) =    0.197  e(np) =    2.517    np =      706

 COUPLE:   rho =   11.525   heps =    0.000  seps =  0.0E+00
 SECTOR:  e(1) =    0.197  e(np) =    2.516    np =      706

 COUPLE:   rho =   11.580   heps =    0.000  seps =  0.0E+00
 SECTOR:  e(1) =    0.197  e(np) =    2.516    np =      706

 COUPLE:   rho =   11.636   heps =    0.000  seps =  0.0E+00
 SECTOR:  e(1) =    0.197  e(np) =    2.516    np =      706

 COUPLE:   rho =   11.692   heps =    0.000  seps =  0.0E+00
 SECTOR:  e(1) =    0.197  e(np) =    2.516    np =      706

 COUPLE:   rho =   11.748   heps =    0.000  seps =  0.0E+00
 SECTOR:  e(1) =    0.197  e(np) =    2.516    np =      706

 COUPLE:   rho =   11.804   heps =    0.000  seps =  0.0E+00
 SECTOR:  e(1) =    0.197  e(np) =    2.515    np =      706

 COUPLE:   rho =   11.860   heps =    0.000  seps =  0.0E+00
 SECTOR:  e(1) =    0.197  e(np) =    2.515    np =      706

 COUPLE:   rho =   11.916   heps =    0.000  seps =  0.0E+00
 SECTOR:  e(1) =    0.197  e(np) =    2.515    np =      706

 COUPLE:   rho =   11.972   heps =    0.000  seps =  0.0E+00
 SECTOR:  e(1) =    0.197  e(np) =    2.515    np =      706

 MATCH:
 ----------------------------------------------------------------------
  E(eV) =  0.73200                           Seps =  1.8E-10
 ----------------------------------------------------------------------
   a    v    j    k    a'   v'   j'   k'     Re(S)     Im(S)     |S|^2 
 ----------------------------------------------------------------------
   1    0    0    0    1    0    0    0   -0.70819  -0.17023   0.53051
   1    0    0    0    1    0    2    0    0.16813  -0.11085   0.04055
   1    0    0    0    1    0    2    1    0.28198   0.38770   0.22983
   1    0    0    0    1    0    2    2   -0.17831   0.14028   0.05147
   1    0    0    0    1    0    4    0   -0.08375  -0.06086   0.01072
   1    0    0    0    1    0    4    1   -0.09563  -0.01892   0.00950
   1    0    0    0    1    0    4    2   -0.12387  -0.12658   0.03137
   1    0    0    0    1    0    4    3    0.05112  -0.12208   0.01752
   1    0    0    0    1    0    4    4    0.04766   0.00644   0.00231
   1    0    0    0    1    0    6    0    0.06510  -0.00147   0.00424
   1    0    0    0    1    0    6    1    0.08960   0.00812   0.00809
   1    0    0    0    1    0    6    2    0.07902   0.02473   0.00686
   1    0    0    0    1    0    6    3    0.05519   0.05329   0.00589
   1    0    0    0    1    0    6    4   -0.00138   0.05852   0.00343
   1    0    0    0    1    0    6    5   -0.02782   0.01459   0.00099
   1    0    0    0    1    0    8    0   -0.01741   0.00202   0.00031
   1    0    0    0    1    0    8    1   -0.02427   0.00113   0.00059
   1    0    0    0    1    0    8    2   -0.02200  -0.00260   0.00049
   1    0    0    0    1    0    8    3   -0.01782  -0.00883   0.00040
   1    0    0    0    1    0    8    4   -0.00988  -0.01375   0.00029
   1    0    0    0    1    0    8    5   -0.00335  -0.01216   0.00016
   1    0    0    0    1    0   10    0    0.00088   0.00078   0.00000
   1    0    0    0    1    0   10    1    0.00116   0.00117   0.00000
   1    0    0    0    1    0   10    2    0.00099   0.00136   0.00000
   1    0    0    0    1    0   10    3    0.00081   0.00154   0.00000
   1    0    0    0    1    0   10    4    0.00068   0.00147   0.00000
   1    0    0    0    1    0   10    5    0.00048   0.00092   0.00000
   1    0    0    0    1    0       all                        0.95551
   1    0    0    0    1    1    0    0   -0.00628   0.00325   0.00005
   1    0    0    0    1    1    2    0    0.00030  -0.00251   0.00001
   1    0    0    0    1    1    2    1    0.00348  -0.00508   0.00004
   1    0    0    0    1    1    2    2    0.00340   0.00060   0.00001
   1    0    0    0    1    1    4    0   -0.00092  -0.00005   0.00000
   1    0    0    0    1    1    4    1   -0.00127  -0.00025   0.00000
   1    0    0    0    1    1    4    2   -0.00116  -0.00039   0.00000
   1    0    0    0    1    1    4    3   -0.00069  -0.00108   0.00000
   1    0    0    0    1    1    4    4    0.00029  -0.00072   0.00000
   1    0    0    0    1    1    6    0   -0.00005  -0.00015   0.00000
   1    0    0    0    1    1    6    1   -0.00005  -0.00021   0.00000
   1    0    0    0    1    1    6    2   -0.00005  -0.00016   0.00000
   1    0    0    0    1    1    6    3    0.00000  -0.00014   0.00000
   1    0    0    0    1    1    6    4   -0.00004  -0.00015   0.00000
   1    0    0    0    1    1    6    5    0.00003  -0.00013   0.00000
   1    0    0    0    1    1       all                        0.00011
   1    0    0    0    2    0    0    0    0.06905  -0.04266   0.00659
   1    0    0    0    2    0    1    0   -0.10642   0.03916   0.01286
   1    0    0    0    2    0    1    1   -0.03962  -0.01308   0.00174
   1    0    0    0    2    0    2    0    0.09623   0.00547   0.00929
   1    0    0    0    2    0    2    1    0.04959   0.03498   0.00368
   1    0    0    0    2    0    2    2    0.00197   0.00830   0.00007
   1    0    0    0    2    0    3    0   -0.04833  -0.03984   0.00392
   1    0    0    0    2    0    3    1   -0.02475  -0.04824   0.00294
   1    0    0    0    2    0    3    2    0.00079  -0.01231   0.00015
   1    0    0    0    2    0    3    3   -0.00041  -0.00017   0.00000
   1    0    0    0    2    0    4    0   -0.00003   0.03354   0.00112
   1    0    0    0    2    0    4    1   -0.00876   0.03348   0.00120
   1    0    0    0    2    0    4    2   -0.00658   0.01009   0.00015
   1    0    0    0    2    0    4    3   -0.00053   0.00184   0.00000
   1    0    0    0    2    0    4    4    0.00036   0.00083   0.00000
   1    0    0    0    2    0    5    0    0.01357  -0.00522   0.00021
   1    0    0    0    2    0    5    1    0.01598  -0.00434   0.00027
   1    0    0    0    2    0    5    2    0.00861  -0.00046   0.00007
   1    0    0    0    2    0    5    3    0.00276  -0.00004   0.00001
   1    0    0    0    2    0    5    4    0.00093  -0.00032   0.00000
   1    0    0    0    2    0    5    5    0.00034  -0.00006   0.00000
   1    0    0    0    2    0    6    0   -0.00154  -0.00459   0.00002
   1    0    0    0    2    0    6    1   -0.00170  -0.00575   0.00004
   1    0    0    0    2    0    6    2   -0.00045  -0.00412   0.00002
   1    0    0    0    2    0    6    3    0.00028  -0.00196   0.00000
   1    0    0    0    2    0    6    4    0.00013  -0.00068   0.00000
   1    0    0    0    2    0    6    5    0.00004  -0.00026   0.00000
   1    0    0    0    2    0    7    0   -0.00100  -0.00051   0.00000
   1    0    0    0    2    0    7    1   -0.00128  -0.00071   0.00000
   1    0    0    0    2    0    7    2   -0.00090  -0.00075   0.00000
   1    0    0    0    2    0    7    3   -0.00036  -0.00060   0.00000
   1    0    0    0    2    0    7    4   -0.00008  -0.00029   0.00000
   1    0    0    0    2    0    7    5   -0.00003  -0.00010   0.00000
   1    0    0    0    2    0    8    0   -0.00006  -0.00011   0.00000
   1    0    0    0    2    0    8    1   -0.00007  -0.00016   0.00000
   1    0    0    0    2    0    8    2   -0.00004  -0.00015   0.00000
   1    0    0    0    2    0    8    3    0.00000  -0.00011   0.00000
   1    0    0    0    2    0    8    4    0.00003  -0.00006   0.00000
   1    0    0    0    2    0    8    5    0.00002  -0.00002   0.00000
   1    0    0    0    2    0    9    0    0.00000   0.00000   0.00000
   1    0    0    0    2    0    9    1   -0.00001   0.00000   0.00000
   1    0    0    0    2    0    9    2   -0.00001   0.00000   0.00000
   1    0    0    0    2    0    9    3    0.00000   0.00000   0.00000
   1    0    0    0    2    0    9    4   -0.00001  -0.00001   0.00000
   1    0    0    0    2    0    9    5    0.00000   0.00000   0.00000
   1    0    0    0    2    0       all                        0.04438
   1    0    0    0    2    1    0    0   -0.00002   0.00002   0.00000
   1    0    0    0    2    1    1    0   -0.00006  -0.00005   0.00000
   1    0    0    0    2    1    1    1   -0.00008  -0.00009   0.00000
   1    0    0    0    2    1    2    0    0.00001  -0.00001   0.00000
   1    0    0    0    2    1    2    1   -0.00003   0.00006   0.00000
   1    0    0    0    2    1    2    2   -0.00005   0.00007   0.00000
   1    0    0    0    2    1       all                        0.00000
 ----------------------------------------------------------------------
                              Unitarity                        1.00000
 ----------------------------------------------------------------------

 MATCH:
 ----------------------------------------------------------------------
  E(eV) =  1.48200                           Seps =  6.2E-07
 ----------------------------------------------------------------------
   a    v    j    k    a'   v'   j'   k'     Re(S)     Im(S)     |S|^2 
 ----------------------------------------------------------------------
   1    0    0    0    1    0    0    0    0.17135  -0.32230   0.13324
   1    0    0    0    1    0    2    0   -0.09771   0.18973   0.04555
   1    0    0    0    1    0    2    1   -0.21594  -0.17875   0.07858
   1    0    0    0    1    0    2    2    0.04291  -0.07080   0.00685
   1    0    0    0    1    0    4    0   -0.00488   0.02588   0.00069
   1    0    0    0    1    0    4    1    0.19912  -0.02435   0.04024
   1    0    0    0    1    0    4    2    0.00465   0.22971   0.05279
   1    0    0    0    1    0    4    3   -0.08755  -0.01957   0.00805
   1    0    0    0    1    0    4    4   -0.01036  -0.01199   0.00025
   1    0    0    0    1    0    6    0   -0.08201  -0.06282   0.01067
   1    0    0    0    1    0    6    1    0.02239   0.01159   0.00064
   1    0    0    0    1    0    6    2   -0.07118  -0.07626   0.01088
   1    0    0    0    1    0    6    3    0.07041  -0.11086   0.01725
   1    0    0    0    1    0    6    4    0.04283   0.06923   0.00663
   1    0    0    0    1    0    6    5   -0.00537  -0.00556   0.00006
   1    0    0    0    1    0    8    0    0.00556   0.01839   0.00037
   1    0    0    0    1    0    8    1    0.03507   0.07058   0.00621
   1    0    0    0    1    0    8    2    0.00454  -0.02234   0.00052
   1    0    0    0    1    0    8    3    0.00103   0.07388   0.00546
   1    0    0    0    1    0    8    4   -0.08059   0.02920   0.00735
   1    0    0    0    1    0    8    5    0.00432  -0.06246   0.00392
   1    0    0    0    1    0   10    0    0.01081  -0.02560   0.00077
   1    0    0    0    1    0   10    1    0.00378  -0.01003   0.00011
   1    0    0    0    1    0   10    2    0.00887  -0.05398   0.00299
   1    0    0    0    1    0   10    3    0.01255  -0.01499   0.00038
   1    0    0    0    1    0   10    4    0.01932  -0.04086   0.00204
   1    0    0    0    1    0   10    5    0.06817   0.04567   0.00673
   1    0    0    0    1    0   12    0   -0.00653  -0.00699   0.00009
   1    0    0    0    1    0   12    1   -0.01362   0.01877   0.00054
   1    0    0    0    1    0   12    2   -0.01820   0.02694   0.00106
   1    0    0    0    1    0   12    3   -0.01375   0.00787   0.00025
   1    0    0    0    1    0   12    4   -0.04216  -0.03403   0.00294
   1    0    0    0    1    0   12    5   -0.04687   0.01693   0.00248
   1    0    0    0    1    0   14    0    0.00700  -0.02593   0.00072
   1    0    0    0    1    0   14    1    0.00516  -0.01164   0.00016
   1    0    0    0    1    0   14    2    0.00248   0.02787   0.00078
   1    0    0    0    1    0   14    3    0.01653   0.03314   0.00137
   1    0    0    0    1    0   14    4    0.02456   0.00957   0.00069
   1    0    0    0    1    0   14    5    0.01852   0.00098   0.00034
   1    0    0    0    1    0   16    0   -0.00331  -0.01758   0.00032
   1    0    0    0    1    0   16    1   -0.00985  -0.02242   0.00060
   1    0    0    0    1    0   16    2   -0.02023  -0.01724   0.00071
   1    0    0    0    1    0   16    3   -0.02609  -0.01272   0.00084
   1    0    0    0    1    0   16    4   -0.02274  -0.00915   0.00060
   1    0    0    0    1    0   16    5   -0.01260  -0.00495   0.00018
   1    0    0    0    1    0       all                        0.46391
   1    0    0    0    1    1    0    0    0.08175  -0.01513   0.00691
   1    0    0    0    1    1    2    0    0.01481  -0.01044   0.00033
   1    0    0    0    1    1    2    1    0.03447   0.04601   0.00331
   1    0    0    0    1    1    2    2   -0.01395   0.03276   0.00127
   1    0    0    0    1    1    4    0   -0.02001  -0.01924   0.00077
   1    0    0    0    1    1    4    1   -0.01517   0.08167   0.00690
   1    0    0    0    1    1    4    2   -0.03975  -0.02902   0.00242
   1    0    0    0    1    1    4    3   -0.00365  -0.02927   0.00087
   1    0    0    0    1    1    4    4    0.01556  -0.00284   0.00025
   1    0    0    0    1    1    6    0    0.02478  -0.00973   0.00071
   1    0    0    0    1    1    6    1   -0.00527   0.01560   0.00027
   1    0    0    0    1    1    6    2    0.04038  -0.06933   0.00644
   1    0    0    0    1    1    6    3    0.03487   0.05790   0.00457
   1    0    0    0    1    1    6    4   -0.02609   0.01833   0.00102
   1    0    0    0    1    1    6    5    0.01033   0.00262   0.00011
   1    0    0    0    1    1    8    0    0.01788  -0.00073   0.00032
   1    0    0    0    1    1    8    1   -0.04691   0.01436   0.00241
   1    0    0    0    1    1    8    2   -0.00767  -0.02682   0.00078
   1    0    0    0    1    1    8    3   -0.03968   0.00512   0.00160
   1    0    0    0    1    1    8    4    0.00602  -0.06124   0.00379
   1    0    0    0    1    1    8    5    0.04097   0.03226   0.00272
   1    0    0    0    1    1   10    0    0.00684  -0.01004   0.00015
   1    0    0    0    1    1   10    1   -0.00273   0.02196   0.00049
   1    0    0    0    1    1   10    2    0.01537   0.03401   0.00139
   1    0    0    0    1    1   10    3    0.01683   0.02799   0.00107
   1    0    0    0    1    1   10    4   -0.00440  -0.01947   0.00040
   1    0    0    0    1    1   10    5   -0.05905   0.04076   0.00515
   1    0    0    0    1    1   12    0    0.00272  -0.03070   0.00095
   1    0    0    0    1    1   12    1    0.00176  -0.02005   0.00041
   1    0    0    0    1    1   12    2    0.00725   0.01653   0.00033
   1    0    0    0    1    1   12    3    0.02984   0.02117   0.00134
   1    0    0    0    1    1   12    4    0.04173  -0.00776   0.00180
   1    0    0    0    1    1   12    5    0.02492  -0.01489   0.00084
   1    0    0    0    1    1   14    0    0.00142  -0.00838   0.00007
   1    0    0    0    1    1   14    1   -0.00147  -0.01176   0.00014
   1    0    0    0    1    1   14    2   -0.00861  -0.01138   0.00020
   1    0    0    0    1    1   14    3   -0.01308  -0.01022   0.00028
   1    0    0    0    1    1   14    4   -0.01191  -0.00780   0.00020
   1    0    0    0    1    1   14    5   -0.00669  -0.00416   0.00006
   1    0    0    0    1    1   16    0    0.00004  -0.00013   0.00000
   1    0    0    0    1    1   16    1    0.00005  -0.00018   0.00000
   1    0    0    0    1    1   16    2    0.00004  -0.00016   0.00000
   1    0    0    0    1    1   16    3    0.00003  -0.00013   0.00000
   1    0    0    0    1    1   16    4    0.00003  -0.00009   0.00000
   1    0    0    0    1    1   16    5    0.00002  -0.00005   0.00000
   1    0    0    0    1    1       all                        0.06302
   1    0    0    0    1    2    0    0   -0.03879   0.02407   0.00208
   1    0    0    0    1    2    2    0   -0.04672  -0.02732   0.00293
   1    0    0    0    1    2    2    1   -0.01804  -0.05862   0.00376
   1    0    0    0    1    2    2    2    0.02343  -0.01392   0.00074
   1    0    0    0    1    2    4    0    0.00895   0.00468   0.00010
   1    0    0    0    1    2    4    1    0.05617  -0.02017   0.00356
   1    0    0    0    1    2    4    2    0.01704   0.04920   0.00271
   1    0    0    0    1    2    4    3   -0.01759   0.01311   0.00048
   1    0    0    0    1    2    4    4   -0.00564   0.00340   0.00004
   1    0    0    0    1    2    6    0   -0.01409   0.01521   0.00043
   1    0    0    0    1    2    6    1   -0.02259  -0.02581   0.00118
   1    0    0    0    1    2    6    2   -0.02454   0.00740   0.00066
   1    0    0    0    1    2    6    3   -0.01900  -0.04547   0.00243
   1    0    0    0    1    2    6    4    0.03110   0.00594   0.00100
   1    0    0    0    1    2    6    5   -0.02880   0.01140   0.00096
   1    0    0    0    1    2    8    0    0.00951   0.01237   0.00024
   1    0    0    0    1    2    8    1    0.00340   0.01454   0.00022
   1    0    0    0    1    2    8    2    0.00212   0.02254   0.00051
   1    0    0    0    1    2    8    3   -0.00586   0.01130   0.00016
   1    0    0    0    1    2    8    4   -0.01223  -0.00322   0.00016
   1    0    0    0    1    2    8    5   -0.05511  -0.03196   0.00406
   1    0    0    0    1    2   10    0    0.00720  -0.00688   0.00010
   1    0    0    0    1    2   10    1    0.00835  -0.00748   0.00013
   1    0    0    0    1    2   10    2    0.00688  -0.00071   0.00005
   1    0    0    0    1    2   10    3    0.01249   0.00638   0.00020
   1    0    0    0    1    2   10    4    0.02213   0.00725   0.00054
   1    0    0    0    1    2   10    5    0.01954   0.00252   0.00039
   1    0    0    0    1    2   12    0    0.00007   0.00032   0.00000
   1    0    0    0    1    2   12    1    0.00015   0.00040   0.00000
   1    0    0    0    1    2   12    2    0.00030   0.00029   0.00000
   1    0    0    0    1    2   12    3    0.00043   0.00018   0.00000
   1    0    0    0    1    2   12    4    0.00046   0.00010   0.00000
   1    0    0    0    1    2   12    5    0.00033   0.00004   0.00000
   1    0    0    0    1    2       all                        0.02983
   1    0    0    0    1    3    0    0   -0.00156   0.03429   0.00118
   1    0    0    0    1    3    2    0   -0.02054  -0.00501   0.00045
   1    0    0    0    1    3    2    1   -0.04590  -0.02716   0.00285
   1    0    0    0    1    3    2    2    0.00240  -0.03369   0.00114
   1    0    0    0    1    3    4    0    0.02004   0.00112   0.00040
   1    0    0    0    1    3    4    1    0.02415   0.00457   0.00060
   1    0    0    0    1    3    4    2    0.02311   0.01014   0.00064
   1    0    0    0    1    3    4    3    0.00799   0.02193   0.00054
   1    0    0    0    1    3    4    4   -0.00934   0.00757   0.00014
   1    0    0    0    1    3    6    0   -0.00112  -0.00416   0.00002
   1    0    0    0    1    3    6    1   -0.00128  -0.00592   0.00004
   1    0    0    0    1    3    6    2    0.00002  -0.00581   0.00003
   1    0    0    0    1    3    6    3    0.00197  -0.00481   0.00003
   1    0    0    0    1    3    6    4    0.00387  -0.00238   0.00002
   1    0    0    0    1    3    6    5    0.00407   0.00081   0.00002
   1    0    0    0    1    3       all                        0.00810
   1    0    0    0    2    0    0    0   -0.01762  -0.05702   0.00356
   1    0    0    0    2    0    1    0    0.02323   0.04571   0.00263
   1    0    0    0    2    0    1    1    0.06248  -0.00966   0.00400
   1    0    0    0    2    0    2    0   -0.00817  -0.00263   0.00007
   1    0    0    0    2    0    2    1   -0.08912  -0.00138   0.00794
   1    0    0    0    2    0    2    2   -0.01502   0.03404   0.00138
   1    0    0    0    2    0    3    0   -0.01667  -0.03329   0.00139
   1    0    0    0    2    0    3    1    0.03371  -0.00962   0.00123
   1    0    0    0    2    0    3    2    0.01343  -0.08123   0.00678
   1    0    0    0    2    0    3    3   -0.04000  -0.06910   0.00638
   1    0    0    0    2    0    4    0   -0.00081   0.07506   0.00563
   1    0    0    0    2    0    4    1    0.02468   0.07045   0.00557
   1    0    0    0    2    0    4    2   -0.03432   0.12169   0.01599
   1    0    0    0    2    0    4    3    0.02282   0.13737   0.01939
   1    0    0    0    2    0    4    4    0.05772   0.05397   0.00624
   1    0    0    0    2    0    5    0    0.06121  -0.07053   0.00872
   1    0    0    0    2    0    5    1    0.00948  -0.08623   0.00753
   1    0    0    0    2    0    5    2    0.08309  -0.07916   0.01317
   1    0    0    0    2    0    5    3    0.07650  -0.14632   0.02726
   1    0    0    0    2    0    5    4   -0.02851  -0.14983   0.02326
   1    0    0    0    2    0    5    5   -0.04062  -0.06760   0.00622
   1    0    0    0    2    0    6    0   -0.04868  -0.00335   0.00238
   1    0    0    0    2    0    6    1   -0.03411   0.00791   0.00123
   1    0    0    0    2    0    6    2   -0.05431  -0.03868   0.00445
   1    0    0    0    2    0    6    3   -0.12826   0.02599   0.01713
   1    0    0    0    2    0    6    4   -0.07645   0.11800   0.01977
   1    0    0    0    2    0    6    5   -0.01408   0.06646   0.00461
   1    0    0    0    2    0    7    0   -0.04420   0.01819   0.00228
   1    0    0    0    2    0    7    1   -0.01506  -0.00716   0.00028
   1    0    0    0    2    0    7    2   -0.06333   0.04295   0.00585
   1    0    0    0    2    0    7    3    0.01114   0.06569   0.00444
   1    0    0    0    2    0    7    4    0.06484   0.01394   0.00440
   1    0    0    0    2    0    7    5    0.02597  -0.00321   0.00068
   1    0    0    0    2    0    8    0    0.04135   0.02507   0.00234
   1    0    0    0    2    0    8    1   -0.03891   0.07139   0.00661
   1    0    0    0    2    0    8    2    0.03462   0.07556   0.00691
   1    0    0    0    2    0    8    3    0.07239   0.01671   0.00552
   1    0    0    0    2    0    8    4    0.02264  -0.02188   0.00099
   1    0    0    0    2    0    8    5    0.01345  -0.00049   0.00018
   1    0    0    0    2    0    9    0   -0.01615   0.02417   0.00085
   1    0    0    0    2    0    9    1    0.08638   0.02272   0.00798
   1    0    0    0    2    0    9    2    0.08319  -0.02778   0.00769
   1    0    0    0    2    0    9    3    0.00801  -0.04533   0.00212
   1    0    0    0    2    0    9    4   -0.00338  -0.01867   0.00036
   1    0    0    0    2    0    9    5    0.00384  -0.02186   0.00049
   1    0    0    0    2    0   10    0    0.07772  -0.00116   0.00604
   1    0    0    0    2    0   10    1    0.03635  -0.03454   0.00251
   1    0    0    0    2    0   10    2   -0.01545  -0.04654   0.00240
   1    0    0    0    2    0   10    3   -0.00699  -0.02017   0.00046
   1    0    0    0    2    0   10    4   -0.00543  -0.01305   0.00020
   1    0    0    0    2    0   10    5   -0.01351  -0.00406   0.00020
   1    0    0    0    2    0   11    0    0.00281  -0.06391   0.00409
   1    0    0    0    2    0   11    1    0.00695  -0.05746   0.00335
   1    0    0    0    2    0   11    2    0.00021  -0.01292   0.00017
   1    0    0    0    2    0   11    3   -0.01293  -0.00297   0.00018
   1    0    0    0    2    0   11    4   -0.01378  -0.00067   0.00019
   1    0    0    0    2    0   11    5   -0.00508   0.00225   0.00003
   1    0    0    0    2    0   12    0   -0.02921  -0.01836   0.00119
   1    0    0    0    2    0   12    1   -0.03158  -0.02641   0.00169
   1    0    0    0    2    0   12    2   -0.01450  -0.01805   0.00054
   1    0    0    0    2    0   12    3   -0.00407  -0.00649   0.00006
   1    0    0    0    2    0   12    4    0.00040   0.00193   0.00000
   1    0    0    0    2    0   12    5   -0.00023   0.00304   0.00001
   1    0    0    0    2    0   13    0   -0.01110   0.00050   0.00012
   1    0    0    0    2    0   13    1   -0.01420  -0.00029   0.00020
   1    0    0    0    2    0   13    2   -0.01028  -0.00176   0.00011
   1    0    0    0    2    0   13    3   -0.00518  -0.00234   0.00003
   1    0    0    0    2    0   13    4   -0.00216  -0.00174   0.00001
   1    0    0    0    2    0   13    5   -0.00137  -0.00156   0.00000
   1    0    0    0    2    0   14    0   -0.00046  -0.00041   0.00000
   1    0    0    0    2    0   14    1   -0.00056  -0.00054   0.00000
   1    0    0    0    2    0   14    2   -0.00032  -0.00033   0.00000
   1    0    0    0    2    0   14    3    0.00008   0.00010   0.00000
   1    0    0    0    2    0   14    4    0.00044   0.00047   0.00000
   1    0    0    0    2    0   14    5    0.00049   0.00041   0.00000
   1    0    0    0    2    0   15    0    0.00001   0.00007   0.00000
   1    0    0    0    2    0   15    1    0.00002   0.00009   0.00000
   1    0    0    0    2    0   15    2    0.00004   0.00008   0.00000
   1    0    0    0    2    0   15    3    0.00006   0.00007   0.00000
   1    0    0    0    2    0   15    4    0.00005   0.00005   0.00000
   1    0    0    0    2    0   15    5    0.00002   0.00002   0.00000
   1    0    0    0    2    0       all                        0.30768
   1    0    0    0    2    1    0    0    0.01811   0.03123   0.00130
   1    0    0    0    2    1    1    0   -0.01239  -0.03061   0.00109
   1    0    0    0    2    1    1    1   -0.03250   0.01615   0.00132
   1    0    0    0    2    1    2    0    0.00358   0.00590   0.00005
   1    0    0    0    2    1    2    1    0.07058  -0.01578   0.00523
   1    0    0    0    2    1    2    2    0.02612  -0.03410   0.00185
   1    0    0    0    2    1    3    0   -0.01625  -0.00464   0.00029
   1    0    0    0    2    1    3    1   -0.08998  -0.03053   0.00903
   1    0    0    0    2    1    3    2   -0.08045   0.02996   0.00737
   1    0    0    0    2    1    3    3   -0.03024   0.02395   0.00149
   1    0    0    0    2    1    4    0    0.01262   0.03364   0.00129
   1    0    0    0    2    1    4    1    0.02760   0.09417   0.00963
   1    0    0    0    2    1    4    2    0.08868   0.04187   0.00962
   1    0    0    0    2    1    4    3    0.06192   0.00471   0.00386
   1    0    0    0    2    1    4    4    0.01476  -0.00336   0.00023
   1    0    0    0    2    1    5    0    0.00938  -0.01832   0.00042
   1    0    0    0    2    1    5    1    0.07970  -0.05411   0.00928
   1    0    0    0    2    1    5    2    0.00675  -0.07310   0.00539
   1    0    0    0    2    1    5    3   -0.02468  -0.05151   0.00326
   1    0    0    0    2    1    5    4   -0.01643  -0.01910   0.00063
   1    0    0    0    2    1    5    5   -0.01660  -0.00630   0.00032
   1    0    0    0    2    1    6    0    0.03489  -0.01564   0.00146
   1    0    0    0    2    1    6    1   -0.04958  -0.05037   0.00500
   1    0    0    0    2    1    6    2   -0.05729  -0.01192   0.00342
   1    0    0    0    2    1    6    3   -0.03176   0.01932   0.00138
   1    0    0    0    2    1    6    4   -0.00682   0.01896   0.00041
   1    0    0    0    2    1    6    5    0.00548   0.01682   0.00031
   1    0    0    0    2    1    7    0   -0.06242  -0.05210   0.00661
   1    0    0    0    2    1    7    1   -0.04030   0.00218   0.00163
   1    0    0    0    2    1    7    2   -0.00745   0.03887   0.00157
   1    0    0    0    2    1    7    3    0.00672   0.02302   0.00058
   1    0    0    0    2    1    7    4    0.00674   0.00197   0.00005
   1    0    0    0    2    1    7    5    0.00801  -0.00816   0.00013
   1    0    0    0    2    1    8    0   -0.03791   0.06424   0.00556
   1    0    0    0    2    1    8    1   -0.03107   0.04674   0.00315
   1    0    0    0    2    1    8    2    0.00205   0.00601   0.00004
   1    0    0    0    2    1    8    3    0.01120  -0.00207   0.00013
   1    0    0    0    2    1    8    4    0.00367  -0.00025   0.00001
   1    0    0    0    2    1    8    5   -0.00440  -0.00187   0.00002
   1    0    0    0    2    1    9    0    0.02771   0.02876   0.00159
   1    0    0    0    2    1    9    1    0.02543   0.03509   0.00188
   1    0    0    0    2    1    9    2    0.00372   0.01693   0.00030
   1    0    0    0    2    1    9    3   -0.00218   0.00162   0.00001
   1    0    0    0    2    1    9    4   -0.00098  -0.00151   0.00000
   1    0    0    0    2    1    9    5   -0.00041   0.00040   0.00000
   1    0    0    0    2    1   10    0    0.01229   0.00148   0.00015
   1    0    0    0    2    1   10    1    0.01507   0.00354   0.00024
   1    0    0    0    2    1   10    2    0.00849   0.00481   0.00010
   1    0    0    0    2    1   10    3    0.00267   0.00390   0.00002
   1    0    0    0    2    1   10    4   -0.00056   0.00176   0.00000
   1    0    0    0    2    1   10    5   -0.00067  -0.00033   0.00000
   1    0    0    0    2    1   11    0    0.00137   0.00097   0.00000
   1    0    0    0    2    1   11    1    0.00169   0.00136   0.00000
   1    0    0    0    2    1   11    2    0.00109   0.00126   0.00000
   1    0    0    0    2    1   11    3    0.00049   0.00106   0.00000
   1    0    0    0    2    1   11    4    0.00031   0.00080   0.00000
   1    0    0    0    2    1   11    5    0.00040   0.00053   0.00000
   1    0    0    0    2    1   12    0    0.00002   0.00004   0.00000
   1    0    0    0    2    1   12    1    0.00003   0.00007   0.00000
   1    0    0    0    2    1   12    2    0.00003   0.00008   0.00000
   1    0    0    0    2    1   12    3    0.00003   0.00008   0.00000
   1    0    0    0    2    1   12    4    0.00004   0.00006   0.00000
   1    0    0    0    2    1   12    5    0.00004   0.00004   0.00000
   1    0    0    0    2    1       all                        0.10871
   1    0    0    0    2    2    0    0    0.00293   0.01465   0.00022
   1    0    0    0    2    2    1    0   -0.02079  -0.03079   0.00138
   1    0    0    0    2    2    1    1   -0.01107   0.00938   0.00021
   1    0    0    0    2    2    2    0    0.02539   0.05926   0.00416
   1    0    0    0    2    2    2    1    0.01604   0.00975   0.00035
   1    0    0    0    2    2    2    2    0.00007  -0.00474   0.00002
   1    0    0    0    2    2    3    0    0.01333  -0.06874   0.00490
   1    0    0    0    2    2    3    1    0.01116  -0.03085   0.00108
   1    0    0    0    2    2    3    2   -0.00257   0.00309   0.00002
   1    0    0    0    2    2    3    3   -0.00589   0.00045   0.00003
   1    0    0    0    2    2    4    0   -0.04975   0.01706   0.00277
   1    0    0    0    2    2    4    1   -0.03882   0.00298   0.00152
   1    0    0    0    2    2    4    2   -0.00453  -0.00138   0.00002
   1    0    0    0    2    2    4    3    0.00194   0.00452   0.00002
   1    0    0    0    2    2    4    4   -0.00152   0.00219   0.00001
   1    0    0    0    2    2    5    0    0.00859   0.02655   0.00078
   1    0    0    0    2    2    5    1    0.00231   0.02870   0.00083
   1    0    0    0    2    2    5    2   -0.00385   0.00945   0.00010
   1    0    0    0    2    2    5    3    0.00015   0.00050   0.00000
   1    0    0    0    2    2    5    4    0.00118   0.00121   0.00000
   1    0    0    0    2    2    5    5   -0.00023   0.00080   0.00000
   1    0    0    0    2    2    6    0    0.00947   0.00399   0.00011
   1    0    0    0    2    2    6    1    0.01048   0.00624   0.00015
   1    0    0    0    2    2    6    2    0.00478   0.00552   0.00005
   1    0    0    0    2    2    6    3    0.00076   0.00303   0.00001
   1    0    0    0    2    2    6    4   -0.00008   0.00081   0.00000
   1    0    0    0    2    2    6    5    0.00016   0.00032   0.00000
   1    0    0    0    2    2    7    0    0.00091   0.00072   0.00000
   1    0    0    0    2    2    7    1    0.00109   0.00107   0.00000
   1    0    0    0    2    2    7    2    0.00058   0.00100   0.00000
   1    0    0    0    2    2    7    3    0.00010   0.00067   0.00000
   1    0    0    0    2    2    7    4   -0.00003   0.00031   0.00000
   1    0    0    0    2    2    7    5    0.00008   0.00018   0.00000
   1    0    0    0    2    2    8    0    0.00000  -0.00011   0.00000
   1    0    0    0    2    2    8    1    0.00004  -0.00011   0.00000
   1    0    0    0    2    2    8    2    0.00012  -0.00003   0.00000
   1    0    0    0    2    2    8    3    0.00014   0.00006   0.00000
   1    0    0    0    2    2    8    4    0.00008   0.00007   0.00000
   1    0    0    0    2    2    8    5    0.00003   0.00002   0.00000
   1    0    0    0    2    2       all                        0.01875
 ----------------------------------------------------------------------
                              Unitarity                        1.00000
 ----------------------------------------------------------------------

 Cumulative reaction probabilities:
 ----------------------------------------------------------------------
        E(eV)                                     A+B2 --> B+AB 
 ----------------------------------------------------------------------
       0.73200                                       0.79073
       1.48200                                      34.59238
 ----------------------------------------------------------------------
